# JRE version: OpenJDK Runtime Environment (8.0_242-b01) (build 1.8.0_242-release-1644-b01)
# Java VM: OpenJDK 64-Bit Server VM (25.242-b01 mixed mode windows-amd64 compressed oops)
Heap:
 PSYoungGen      total 215552K, used 108846K [0x00000000d5580000, 0x00000000e7300000, 0x0000000100000000)
  eden space 197120K, 46% used [0x00000000d5580000,0x00000000daec1e80,0x00000000e1600000)
  from space 18432K, 94% used [0x00000000e1600000,0x00000000e2709d08,0x00000000e2800000)
  to   space 20992K, 0% used [0x00000000e5e80000,0x00000000e5e80000,0x00000000e7300000)
 ParOldGen       total 116224K, used 32181K [0x0000000080000000, 0x0000000087180000, 0x00000000d5580000)
  object space 116224K, 27% used [0x0000000080000000,0x0000000081f6d710,0x0000000087180000)
 Metaspace       used 72413K, capacity 75325K, committed 75416K, reserved 1114112K
  class space    used 9792K, capacity 10392K, committed 10416K, reserved 1048576K
GC Heap History (10 events):
Event: 7.438 GC heap before
{Heap before GC invocations=12 (full 2):
 PSYoungGen      total 123904K, used 112128K [0x00000000d5580000, 0x00000000e0f00000, 0x0000000100000000)
  eden space 112128K, 100% used [0x00000000d5580000,0x00000000dc300000,0x00000000dc300000)
  from space 11776K, 0% used [0x00000000dc300000,0x00000000dc300000,0x00000000dce80000)
  to   space 12288K, 0% used [0x00000000e0300000,0x00000000e0300000,0x00000000e0f00000)
 ParOldGen       total 78336K, used 17134K [0x0000000080000000, 0x0000000084c80000, 0x00000000d5580000)
  object space 78336K, 21% used [0x0000000080000000,0x00000000810bb9b0,0x0000000084c80000)
 Metaspace       used 40420K, capacity 42012K, committed 42152K, reserved 1085440K
  class space    used 5442K, capacity 5804K, committed 5808K, reserved 1048576K
Event: 7.448 GC heap after
Heap after GC invocations=12 (full 2):
 PSYoungGen      total 161280K, used 10321K [0x00000000d5580000, 0x00000000e0d80000, 0x0000000100000000)
  eden space 150528K, 0% used [0x00000000d5580000,0x00000000d5580000,0x00000000de880000)
  from space 10752K, 95% used [0x00000000e0300000,0x00000000e0d14798,0x00000000e0d80000)
  to   space 12800K, 0% used [0x00000000df480000,0x00000000df480000,0x00000000e0100000)
 ParOldGen       total 78336K, used 17142K [0x0000000080000000, 0x0000000084c80000, 0x00000000d5580000)
  object space 78336K, 21% used [0x0000000080000000,0x00000000810bd9b0,0x0000000084c80000)
 Metaspace       used 40420K, capacity 42012K, committed 42152K, reserved 1085440K
  class space    used 5442K, capacity 5804K, committed 5808K, reserved 1048576K
}
Event: 10.769 GC heap before
{Heap before GC invocations=13 (full 2):
 PSYoungGen      total 161280K, used 160849K [0x00000000d5580000, 0x00000000e0d80000, 0x0000000100000000)
  eden space 150528K, 100% used [0x00000000d5580000,0x00000000de880000,0x00000000de880000)
  from space 10752K, 95% used [0x00000000e0300000,0x00000000e0d14798,0x00000000e0d80000)
  to   space 12800K, 0% used [0x00000000df480000,0x00000000df480000,0x00000000e0100000)
 ParOldGen       total 78336K, used 17142K [0x0000000080000000, 0x0000000084c80000, 0x00000000d5580000)
  object space 78336K, 21% used [0x0000000080000000,0x00000000810bd9b0,0x0000000084c80000)
 Metaspace       used 55285K, capacity 57210K, committed 57384K, reserved 1099776K
  class space    used 7261K, capacity 7713K, committed 7728K, reserved 1048576K
Event: 10.793 GC heap after
Heap after GC invocations=13 (full 2):
 PSYoungGen      total 175616K, used 12799K [0x00000000d5580000, 0x00000000e3a00000, 0x0000000100000000)
  eden space 162816K, 0% used [0x00000000d5580000,0x00000000d5580000,0x00000000df480000)
  from space 12800K, 99% used [0x00000000df480000,0x00000000e00ffd88,0x00000000e0100000)
  to   space 18432K, 0% used [0x00000000e2800000,0x00000000e2800000,0x00000000e3a00000)
 ParOldGen       total 78336K, used 28376K [0x0000000080000000, 0x0000000084c80000, 0x00000000d5580000)
  object space 78336K, 36% used [0x0000000080000000,0x0000000081bb60d0,0x0000000084c80000)
 Metaspace       used 55285K, capacity 57210K, committed 57384K, reserved 1099776K
  class space    used 7261K, capacity 7713K, committed 7728K, reserved 1048576K
}
Event: 11.285 GC heap before
{Heap before GC invocations=14 (full 2):
 PSYoungGen      total 175616K, used 46279K [0x00000000d5580000, 0x00000000e3a00000, 0x0000000100000000)
  eden space 162816K, 20% used [0x00000000d5580000,0x00000000d76321d8,0x00000000df480000)
  from space 12800K, 99% used [0x00000000df480000,0x00000000e00ffd88,0x00000000e0100000)
  to   space 18432K, 0% used [0x00000000e2800000,0x00000000e2800000,0x00000000e3a00000)
 ParOldGen       total 78336K, used 28376K [0x0000000080000000, 0x0000000084c80000, 0x00000000d5580000)
  object space 78336K, 36% used [0x0000000080000000,0x0000000081bb60d0,0x0000000084c80000)
 Metaspace       used 57006K, capacity 59101K, committed 59160K, reserved 1099776K
  class space    used 7495K, capacity 7984K, committed 7984K, reserved 1048576K
Event: 11.322 GC heap after
Heap after GC invocations=14 (full 2):
 PSYoungGen      total 215552K, used 3727K [0x00000000d5580000, 0x00000000e5180000, 0x0000000100000000)
  eden space 197120K, 0% used [0x00000000d5580000,0x00000000d5580000,0x00000000e1600000)
  from space 18432K, 20% used [0x00000000e2800000,0x00000000e2ba3d08,0x00000000e3a00000)
  to   space 18432K, 0% used [0x00000000e1600000,0x00000000e1600000,0x00000000e2800000)
 ParOldGen       total 78336K, used 36589K [0x0000000080000000, 0x0000000084c80000, 0x00000000d5580000)
  object space 78336K, 46% used [0x0000000080000000,0x00000000823bb7b8,0x0000000084c80000)
 Metaspace       used 57006K, capacity 59101K, committed 59160K, reserved 1099776K
  class space    used 7495K, capacity 7984K, committed 7984K, reserved 1048576K
}
Event: 11.322 GC heap before
{Heap before GC invocations=15 (full 3):
 PSYoungGen      total 215552K, used 3727K [0x00000000d5580000, 0x00000000e5180000, 0x0000000100000000)
  eden space 197120K, 0% used [0x00000000d5580000,0x00000000d5580000,0x00000000e1600000)
  from space 18432K, 20% used [0x00000000e2800000,0x00000000e2ba3d08,0x00000000e3a00000)
  to   space 18432K, 0% used [0x00000000e1600000,0x00000000e1600000,0x00000000e2800000)
 ParOldGen       total 78336K, used 36589K [0x0000000080000000, 0x0000000084c80000, 0x00000000d5580000)
  object space 78336K, 46% used [0x0000000080000000,0x00000000823bb7b8,0x0000000084c80000)
 Metaspace       used 57006K, capacity 59101K, committed 59160K, reserved 1099776K
  class space    used 7495K, capacity 7984K, committed 7984K, reserved 1048576K
Event: 11.691 GC heap after
Heap after GC invocations=15 (full 3):
 PSYoungGen      total 215552K, used 0K [0x00000000d5580000, 0x00000000e5180000, 0x0000000100000000)
  eden space 197120K, 0% used [0x00000000d5580000,0x00000000d5580000,0x00000000e1600000)
  from space 18432K, 0% used [0x00000000e2800000,0x00000000e2800000,0x00000000e3a00000)
  to   space 18432K, 0% used [0x00000000e1600000,0x00000000e1600000,0x00000000e2800000)
 ParOldGen       total 116224K, used 32181K [0x0000000080000000, 0x0000000087180000, 0x00000000d5580000)
  object space 116224K, 27% used [0x0000000080000000,0x0000000081f6d710,0x0000000087180000)
 Metaspace       used 56966K, capacity 58957K, committed 59160K, reserved 1099776K
  class space    used 7484K, capacity 7940K, committed 7984K, reserved 1048576K
}
Event: 15.545 GC heap before
{Heap before GC invocations=16 (full 3):
 PSYoungGen      total 215552K, used 197120K [0x00000000d5580000, 0x00000000e5180000, 0x0000000100000000)
  eden space 197120K, 100% used [0x00000000d5580000,0x00000000e1600000,0x00000000e1600000)
  from space 18432K, 0% used [0x00000000e2800000,0x00000000e2800000,0x00000000e3a00000)
  to   space 18432K, 0% used [0x00000000e1600000,0x00000000e1600000,0x00000000e2800000)
 ParOldGen       total 116224K, used 32181K [0x0000000080000000, 0x0000000087180000, 0x00000000d5580000)
  object space 116224K, 27% used [0x0000000080000000,0x0000000081f6d710,0x0000000087180000)
 Metaspace       used 68541K, capacity 71115K, committed 71320K, reserved 1110016K
  class space    used 9273K, capacity 9801K, committed 9904K, reserved 1048576K
Event: 15.584 GC heap after
Heap after GC invocations=16 (full 3):
 PSYoungGen      total 215552K, used 17447K [0x00000000d5580000, 0x00000000e7300000, 0x0000000100000000)
  eden space 197120K, 0% used [0x00000000d5580000,0x00000000d5580000,0x00000000e1600000)
  from space 18432K, 94% used [0x00000000e1600000,0x00000000e2709d08,0x00000000e2800000)
  to   space 20992K, 0% used [0x00000000e5e80000,0x00000000e5e80000,0x00000000e7300000)
 ParOldGen       total 116224K, used 32181K [0x0000000080000000, 0x0000000087180000, 0x00000000d5580000)
  object space 116224K, 27% used [0x0000000080000000,0x0000000081f6d710,0x0000000087180000)
 Metaspace       used 68541K, capacity 71115K, committed 71320K, reserved 1110016K
  class space    used 9273K, capacity 9801K, committed 9904K, reserved 1048576K
}

