# JRE version: OpenJDK Runtime Environment (8.0_242-b01) (build 1.8.0_242-release-1644-b01)
# Java VM: OpenJDK 64-Bit Server VM (25.242-b01 mixed mode windows-amd64 compressed oops)
Heap:
 PSYoungGen      total 442880K, used 236675K [0x00000000d5580000, 0x00000000f2e00000, 0x0000000100000000)
  eden space 422400K, 54% used [0x00000000d5580000,0x00000000e36cf950,0x00000000ef200000)
  from space 20480K, 29% used [0x00000000f1a00000,0x00000000f1fd1608,0x00000000f2e00000)
  to   space 30720K, 0% used [0x00000000ef200000,0x00000000ef200000,0x00000000f1000000)
 ParOldGen       total 177152K, used 71114K [0x0000000080000000, 0x000000008ad00000, 0x00000000d5580000)
  object space 177152K, 40% used [0x0000000080000000,0x0000000084572860,0x000000008ad00000)
 Metaspace       used 118725K, capacity 125361K, committed 125592K, reserved 1159168K
  class space    used 15210K, capacity 16442K, committed 16560K, reserved 1048576K
GC Heap History (10 events):
Event: 47.296 GC heap before
{Heap before GC invocations=20 (full 4):
 PSYoungGen      total 311296K, used 942K [0x00000000d5580000, 0x00000000ed780000, 0x0000000100000000)
  eden space 280064K, 0% used [0x00000000d5580000,0x00000000d5580000,0x00000000e6700000)
  from space 31232K, 3% used [0x00000000e8600000,0x00000000e86eb990,0x00000000ea480000)
  to   space 31744K, 0% used [0x00000000e6700000,0x00000000e6700000,0x00000000e8600000)
 ParOldGen       total 124928K, used 71002K [0x0000000080000000, 0x0000000087a00000, 0x00000000d5580000)
  object space 124928K, 56% used [0x0000000080000000,0x0000000084556b78,0x0000000087a00000)
 Metaspace       used 94985K, capacity 98463K, committed 98600K, reserved 1134592K
  class space    used 12479K, capacity 13232K, committed 13232K, reserved 1048576K
Event: 47.502 GC heap after
Heap after GC invocations=20 (full 4):
 PSYoungGen      total 311296K, used 0K [0x00000000d5580000, 0x00000000ed780000, 0x0000000100000000)
  eden space 280064K, 0% used [0x00000000d5580000,0x00000000d5580000,0x00000000e6700000)
  from space 31232K, 0% used [0x00000000e8600000,0x00000000e8600000,0x00000000ea480000)
  to   space 31744K, 0% used [0x00000000e6700000,0x00000000e6700000,0x00000000e8600000)
 ParOldGen       total 177152K, used 63022K [0x0000000080000000, 0x000000008ad00000, 0x00000000d5580000)
  object space 177152K, 35% used [0x0000000080000000,0x0000000083d8bb58,0x000000008ad00000)
 Metaspace       used 94873K, capacity 98139K, committed 98600K, reserved 1134592K
  class space    used 12443K, capacity 13170K, committed 13232K, reserved 1048576K
}
Event: 96.493 GC heap before
{Heap before GC invocations=21 (full 4):
 PSYoungGen      total 311296K, used 280064K [0x00000000d5580000, 0x00000000ed780000, 0x0000000100000000)
  eden space 280064K, 100% used [0x00000000d5580000,0x00000000e6700000,0x00000000e6700000)
  from space 31232K, 0% used [0x00000000e8600000,0x00000000e8600000,0x00000000ea480000)
  to   space 31744K, 0% used [0x00000000e6700000,0x00000000e6700000,0x00000000e8600000)
 ParOldGen       total 177152K, used 63022K [0x0000000080000000, 0x000000008ad00000, 0x00000000d5580000)
  object space 177152K, 35% used [0x0000000080000000,0x0000000083d8bb58,0x000000008ad00000)
 Metaspace       used 106989K, capacity 111303K, committed 111512K, reserved 1146880K
  class space    used 14020K, capacity 14913K, committed 15024K, reserved 1048576K
Event: 96.558 GC heap after
Heap after GC invocations=21 (full 4):
 PSYoungGen      total 311808K, used 21909K [0x00000000d5580000, 0x00000000ef500000, 0x0000000100000000)
  eden space 280064K, 0% used [0x00000000d5580000,0x00000000d5580000,0x00000000e6700000)
  from space 31744K, 69% used [0x00000000e6700000,0x00000000e7c65600,0x00000000e8600000)
  to   space 33280K, 0% used [0x00000000ed480000,0x00000000ed480000,0x00000000ef500000)
 ParOldGen       total 177152K, used 63030K [0x0000000080000000, 0x000000008ad00000, 0x00000000d5580000)
  object space 177152K, 35% used [0x0000000080000000,0x0000000083d8db58,0x000000008ad00000)
 Metaspace       used 106989K, capacity 111303K, committed 111512K, reserved 1146880K
  class space    used 14020K, capacity 14913K, committed 15024K, reserved 1048576K
}
Event: 155.379 GC heap before
{Heap before GC invocations=22 (full 4):
 PSYoungGen      total 311808K, used 301973K [0x00000000d5580000, 0x00000000ef500000, 0x0000000100000000)
  eden space 280064K, 100% used [0x00000000d5580000,0x00000000e6700000,0x00000000e6700000)
  from space 31744K, 69% used [0x00000000e6700000,0x00000000e7c65600,0x00000000e8600000)
  to   space 33280K, 0% used [0x00000000ed480000,0x00000000ed480000,0x00000000ef500000)
 ParOldGen       total 177152K, used 63030K [0x0000000080000000, 0x000000008ad00000, 0x00000000d5580000)
  object space 177152K, 35% used [0x0000000080000000,0x0000000083d8db58,0x000000008ad00000)
 Metaspace       used 115335K, capacity 120141K, committed 120344K, reserved 1153024K
  class space    used 14908K, capacity 15888K, committed 15920K, reserved 1048576K
Event: 155.445 GC heap after
Heap after GC invocations=22 (full 4):
 PSYoungGen      total 376832K, used 16614K [0x00000000d5580000, 0x00000000eed00000, 0x0000000100000000)
  eden space 351744K, 0% used [0x00000000d5580000,0x00000000d5580000,0x00000000ead00000)
  from space 25088K, 66% used [0x00000000ed480000,0x00000000ee4b9ad0,0x00000000eed00000)
  to   space 32768K, 0% used [0x00000000ead00000,0x00000000ead00000,0x00000000ecd00000)
 ParOldGen       total 177152K, used 69027K [0x0000000080000000, 0x000000008ad00000, 0x00000000d5580000)
  object space 177152K, 38% used [0x0000000080000000,0x0000000084368c78,0x000000008ad00000)
 Metaspace       used 115335K, capacity 120141K, committed 120344K, reserved 1153024K
  class space    used 14908K, capacity 15888K, committed 15920K, reserved 1048576K
}
Event: 479.605 GC heap before
{Heap before GC invocations=23 (full 4):
 PSYoungGen      total 376832K, used 368358K [0x00000000d5580000, 0x00000000eed00000, 0x0000000100000000)
  eden space 351744K, 100% used [0x00000000d5580000,0x00000000ead00000,0x00000000ead00000)
  from space 25088K, 66% used [0x00000000ed480000,0x00000000ee4b9ad0,0x00000000eed00000)
  to   space 32768K, 0% used [0x00000000ead00000,0x00000000ead00000,0x00000000ecd00000)
 ParOldGen       total 177152K, used 69027K [0x0000000080000000, 0x000000008ad00000, 0x00000000d5580000)
  object space 177152K, 38% used [0x0000000080000000,0x0000000084368c78,0x000000008ad00000)
 Metaspace       used 117026K, capacity 122445K, committed 122648K, reserved 1155072K
  class space    used 15013K, capacity 16078K, committed 16176K, reserved 1048576K
Event: 479.656 GC heap after
Heap after GC invocations=23 (full 4):
 PSYoungGen      total 384512K, used 9690K [0x00000000d5580000, 0x00000000f3880000, 0x0000000100000000)
  eden space 351744K, 0% used [0x00000000d5580000,0x00000000d5580000,0x00000000ead00000)
  from space 32768K, 29% used [0x00000000ead00000,0x00000000eb676b18,0x00000000ecd00000)
  to   space 31232K, 0% used [0x00000000f1a00000,0x00000000f1a00000,0x00000000f3880000)
 ParOldGen       total 177152K, used 70818K [0x0000000080000000, 0x000000008ad00000, 0x00000000d5580000)
  object space 177152K, 39% used [0x0000000080000000,0x0000000084528860,0x000000008ad00000)
 Metaspace       used 117026K, capacity 122445K, committed 122648K, reserved 1155072K
  class space    used 15013K, capacity 16078K, committed 16176K, reserved 1048576K
}
Event: 757.383 GC heap before
{Heap before GC invocations=24 (full 4):
 PSYoungGen      total 384512K, used 361434K [0x00000000d5580000, 0x00000000f3880000, 0x0000000100000000)
  eden space 351744K, 100% used [0x00000000d5580000,0x00000000ead00000,0x00000000ead00000)
  from space 32768K, 29% used [0x00000000ead00000,0x00000000eb676b18,0x00000000ecd00000)
  to   space 31232K, 0% used [0x00000000f1a00000,0x00000000f1a00000,0x00000000f3880000)
 ParOldGen       total 177152K, used 70818K [0x0000000080000000, 0x000000008ad00000, 0x00000000d5580000)
  object space 177152K, 39% used [0x0000000080000000,0x0000000084528860,0x000000008ad00000)
 Metaspace       used 118082K, capacity 123977K, committed 124056K, reserved 1157120K
  class space    used 15098K, capacity 16234K, committed 16304K, reserved 1048576K
Event: 757.407 GC heap after
Heap after GC invocations=24 (full 4):
 PSYoungGen      total 442880K, used 5957K [0x00000000d5580000, 0x00000000f2e00000, 0x0000000100000000)
  eden space 422400K, 0% used [0x00000000d5580000,0x00000000d5580000,0x00000000ef200000)
  from space 20480K, 29% used [0x00000000f1a00000,0x00000000f1fd1608,0x00000000f2e00000)
  to   space 30720K, 0% used [0x00000000ef200000,0x00000000ef200000,0x00000000f1000000)
 ParOldGen       total 177152K, used 71114K [0x0000000080000000, 0x000000008ad00000, 0x00000000d5580000)
  object space 177152K, 40% used [0x0000000080000000,0x0000000084572860,0x000000008ad00000)
 Metaspace       used 118082K, capacity 123977K, committed 124056K, reserved 1157120K
  class space    used 15098K, capacity 16234K, committed 16304K, reserved 1048576K
}

